[debug] [2023-07-05T13:05:00.838Z] ----------------------------------------------------------------------
[debug] [2023-07-05T13:05:00.841Z] Command:       /usr/local/bin/firebase /Users/sanjayramoul/.cache/firebase/tools/lib/node_modules/firebase-tools/lib/bin/firebase apps:list web --json --project=success-subliminals
[debug] [2023-07-05T13:05:00.842Z] CLI Version:   12.4.2
[debug] [2023-07-05T13:05:00.842Z] Platform:      darwin
[debug] [2023-07-05T13:05:00.842Z] Node Version:  v16.16.0
[debug] [2023-07-05T13:05:00.843Z] Time:          Wed Jul 05 2023 18:35:00 GMT+0530 (India Standard Time)
[debug] [2023-07-05T13:05:00.844Z] ----------------------------------------------------------------------
[debug] 
[debug] [2023-07-05T13:05:00.859Z] > command requires scopes: ["email","openid","https://www.googleapis.com/auth/cloudplatformprojects.readonly","https://www.googleapis.com/auth/firebase","https://www.googleapis.com/auth/cloud-platform"]
[debug] [2023-07-05T13:05:00.860Z] > authorizing via signed-in user (developer.macrew@gmail.com)
[debug] [2023-07-05T13:05:00.868Z] >>> [apiv2][query] GET https://firebase.googleapis.com/v1beta1/projects/success-subliminals/webApps pageSize=100
[debug] [2023-07-05T13:05:03.051Z] <<< [apiv2][status] GET https://firebase.googleapis.com/v1beta1/projects/success-subliminals/webApps 200
[debug] [2023-07-05T13:05:03.051Z] <<< [apiv2][body] GET https://firebase.googleapis.com/v1beta1/projects/success-subliminals/webApps {}
[info] No apps found.
[debug] [2023-07-05T13:05:10.321Z] Error: Timed out.
    at Timeout._onTimeout (/Users/sanjayramoul/.cache/firebase/tools/lib/node_modules/firebase-tools/lib/utils.js:254:49)
    at listOnTimeout (node:internal/timers:559:17)
    at processTimers (node:internal/timers:502:7)
[error] 
[error] Error: An unexpected error has occurred.
